<?xml version="1.0" encoding="UTF-8"?>
<testsuite name="com.mindex.challenge.ChallengeApplicationTests" tests="1" skipped="0" failures="0" errors="0" timestamp="2025-02-05T20:15:03" hostname="Mac" time="0.355">
  <properties/>
  <testcase name="contextLoads" classname="com.mindex.challenge.ChallengeApplicationTests" time="0.355"/>
  <system-out><![CDATA[15:15:03.092 [Test worker] INFO org.springframework.test.context.support.AnnotationConfigContextLoaderUtils -- Could not detect default configuration classes for test class [com.mindex.challenge.ChallengeApplicationTests]: ChallengeApplicationTests does not declare any static, non-private, non-final, nested classes annotated with @Configuration.
15:15:03.125 [Test worker] INFO org.springframework.boot.test.context.SpringBootTestContextBootstrapper -- Found @SpringBootConfiguration com.mindex.challenge.ChallengeApplication for test class com.mindex.challenge.ChallengeApplicationTests

  .   ____          _            __ _ _
 /\\ / ___'_ __ _ _(_)_ __  __ _ \ \ \ \
( ( )\___ | '_ | '_| | '_ \/ _` | \ \ \ \
 \\/  ___)| |_)| | | | | || (_| |  ) ) ) )
  '  |____| .__|_| |_|_| |_\__, | / / / /
 =========|_|==============|___/=/_/_/_/
 :: Spring Boot ::                (v3.2.3)

2025-02-05T15:15:03.243-05:00  INFO 4821 --- [    Test worker] c.m.challenge.ChallengeApplicationTests  : Starting ChallengeApplicationTests using Java 21.0.6 with PID 4821 (started by ameliamcmullen in /Users/ameliamcmullen/mindex-code-challenge)
2025-02-05T15:15:03.244-05:00 DEBUG 4821 --- [    Test worker] c.m.challenge.ChallengeApplicationTests  : Running with Spring Boot v3.2.3, Spring v6.1.4
2025-02-05T15:15:03.244-05:00  INFO 4821 --- [    Test worker] c.m.challenge.ChallengeApplicationTests  : No active profile set, falling back to 1 default profile: "default"
2025-02-05T15:15:03.363-05:00  INFO 4821 --- [    Test worker] .s.d.r.c.RepositoryConfigurationDelegate : Bootstrapping Spring Data MongoDB repositories in DEFAULT mode.
2025-02-05T15:15:03.374-05:00  INFO 4821 --- [    Test worker] .s.d.r.c.RepositoryConfigurationDelegate : Finished Spring Data repository scanning in 9 ms. Found 1 MongoDB repository interface.
2025-02-05T15:15:03.544-05:00  INFO 4821 --- [    Test worker] de.bwaldvogel.mongo.MongoServer          : started MongoServer(port: 53224, ssl: false)
2025-02-05T15:15:03.577-05:00  INFO 4821 --- [    Test worker] org.mongodb.driver.client                : MongoClient with metadata {"driver": {"name": "mongo-java-driver|sync", "version": "4.11.1"}, "os": {"type": "Darwin", "name": "Mac OS X", "architecture": "aarch64", "version": "15.3"}, "platform": "Java/Amazon.com Inc./21.0.6+7-LTS"} created with settings MongoClientSettings{readPreference=primary, writeConcern=WriteConcern{w=null, wTimeout=null ms, journal=null}, retryWrites=true, retryReads=true, readConcern=ReadConcern{level=null}, credential=null, transportSettings=null, streamFactoryFactory=null, commandListeners=[], codecRegistry=ProvidersCodecRegistry{codecProviders=[ValueCodecProvider{}, BsonValueCodecProvider{}, DBRefCodecProvider{}, DBObjectCodecProvider{}, DocumentCodecProvider{}, CollectionCodecProvider{}, IterableCodecProvider{}, MapCodecProvider{}, GeoJsonCodecProvider{}, GridFSFileCodecProvider{}, Jsr310CodecProvider{}, JsonObjectCodecProvider{}, BsonCodecProvider{}, EnumCodecProvider{}, com.mongodb.client.model.mql.ExpressionCodecProvider@64aeaf29, com.mongodb.Jep395RecordCodecProvider@1e3df614, com.mongodb.KotlinCodecProvider@6579cdbb]}, loggerSettings=LoggerSettings{maxDocumentLength=1000}, clusterSettings={hosts=[localhost:53224], srvServiceName=mongodb, mode=SINGLE, requiredClusterType=UNKNOWN, requiredReplicaSetName='null', serverSelector='null', clusterListeners='[]', serverSelectionTimeout='30000 ms', localThreshold='15 ms'}, socketSettings=SocketSettings{connectTimeoutMS=10000, readTimeoutMS=0, receiveBufferSize=0, proxySettings=ProxySettings{host=null, port=null, username=null, password=null}}, heartbeatSocketSettings=SocketSettings{connectTimeoutMS=10000, readTimeoutMS=10000, receiveBufferSize=0, proxySettings=ProxySettings{host=null, port=null, username=null, password=null}}, connectionPoolSettings=ConnectionPoolSettings{maxSize=100, minSize=0, maxWaitTimeMS=120000, maxConnectionLifeTimeMS=0, maxConnectionIdleTimeMS=0, maintenanceInitialDelayMS=0, maintenanceFrequencyMS=60000, connectionPoolListeners=[], maxConnecting=2}, serverSettings=ServerSettings{heartbeatFrequencyMS=10000, minHeartbeatFrequencyMS=500, serverListeners='[]', serverMonitorListeners='[]'}, sslSettings=SslSettings{enabled=false, invalidHostNameAllowed=false, context=null}, applicationName='null', compressorList=[], uuidRepresentation=UNSPECIFIED, serverApi=null, autoEncryptionSettings=null, dnsClient=null, inetAddressResolver=null, contextProvider=null}
2025-02-05T15:15:03.584-05:00  INFO 4821 --- [-server-worker1] d.b.mongo.wire.MongoWireProtocolHandler  : client [id: 0x55c36e4c, L:/127.0.0.1:53224 - R:/127.0.0.1:53225] connected
2025-02-05T15:15:03.584-05:00  INFO 4821 --- [-server-worker2] d.b.mongo.wire.MongoWireProtocolHandler  : client [id: 0x9eb4f137, L:/127.0.0.1:53224 - R:/127.0.0.1:53226] connected
2025-02-05T15:15:03.605-05:00  INFO 4821 --- [localhost:53224] org.mongodb.driver.cluster               : Monitor thread successfully connected to server with description ServerDescription{address=localhost:53224, type=STANDALONE, state=CONNECTED, ok=true, minWireVersion=0, maxWireVersion=6, maxDocumentSize=16777216, logicalSessionTimeoutMinutes=null, roundTripTimeNanos=25996417}
2025-02-05T15:15:03.737-05:00  INFO 4821 --- [-server-worker3] d.b.mongo.wire.MongoWireProtocolHandler  : client [id: 0x100ef3fb, L:/127.0.0.1:53224 - R:/127.0.0.1:53227] connected
2025-02-05T15:15:03.746-05:00  INFO 4821 --- [-server-worker3] d.b.mongo.backend.AbstractMongoBackend   : created database test
2025-02-05T15:15:03.747-05:00  INFO 4821 --- [-server-worker3] d.b.mongo.backend.AbstractMongoDatabase  : adding unique _id index for collection employee
2025-02-05T15:15:03.748-05:00  INFO 4821 --- [-server-worker3] d.b.mongo.backend.AbstractMongoDatabase  : created collection test.employee
2025-02-05T15:15:03.873-05:00  INFO 4821 --- [    Test worker] c.m.challenge.ChallengeApplicationTests  : Started ChallengeApplicationTests in 0.702 seconds (process running for 1.011)
]]></system-out>
  <system-err><![CDATA[WARNING: A Java agent has been loaded dynamically (/Users/ameliamcmullen/.gradle/caches/modules-2/files-2.1/net.bytebuddy/byte-buddy-agent/1.14.12/be4984cb6fd1ef1d11f218a648889dfda44b8a15/byte-buddy-agent-1.14.12.jar)
WARNING: If a serviceability tool is in use, please run with -XX:+EnableDynamicAgentLoading to hide this warning
WARNING: If a serviceability tool is not in use, please run with -Djdk.instrument.traceUsage for more information
WARNING: Dynamic loading of agents will be disallowed by default in a future release
]]></system-err>
</testsuite>
